\BOOKMARK [1][-]{section.1}{Introducci\363n}{}% 1
\BOOKMARK [1][-]{section.2}{Dise\361o Analizador L\351xico}{}% 2
\BOOKMARK [2][-]{subsection.2.1}{Tokens}{section.2}% 3
\BOOKMARK [2][-]{subsection.2.2}{Gram\341tica Regular}{section.2}% 4
\BOOKMARK [2][-]{subsection.2.3}{Aut\363mata Finito Determinista}{section.2}% 5
\BOOKMARK [2][-]{subsection.2.4}{Acciones Sem\341nticas}{section.2}% 6
\BOOKMARK [2][-]{subsection.2.5}{Errores}{section.2}% 7
\BOOKMARK [1][-]{section.3}{Dise\361o Analizador Sint\341ctico}{}% 8
\BOOKMARK [2][-]{subsection.3.1}{Gram\341tica}{section.3}% 9
\BOOKMARK [2][-]{subsection.3.2}{Tabla LR\(1\) }{section.3}% 10
\BOOKMARK [1][-]{section.4}{Dise\361o Analizador Sem\341ntico}{}% 11
\BOOKMARK [1][-]{section.5}{Dise\361o Tabla de S\355mbolos}{}% 12
\BOOKMARK [1][-]{section.6}{Anexo}{}% 13
\BOOKMARK [2][-]{subsection.6.1}{Casos de prueba correctos}{section.6}% 14
\BOOKMARK [3][-]{subsubsection.6.1.1}{Prueba correcta 1}{subsection.6.1}% 15
\BOOKMARK [3][-]{subsubsection.6.1.2}{Prueba correcta 2}{subsection.6.1}% 16
\BOOKMARK [3][-]{subsubsection.6.1.3}{Prueba correcta 3}{subsection.6.1}% 17
\BOOKMARK [3][-]{subsubsection.6.1.4}{Prueba correcta 4}{subsection.6.1}% 18
\BOOKMARK [3][-]{subsubsection.6.1.5}{Prueba correcta 5}{subsection.6.1}% 19
\BOOKMARK [2][-]{subsection.6.2}{Casos de prueba err\363neos}{section.6}% 20
\BOOKMARK [3][-]{subsubsection.6.2.1}{Prueba err\363nea 1}{subsection.6.2}% 21
\BOOKMARK [3][-]{subsubsection.6.2.2}{Prueba err\363nea 2}{subsection.6.2}% 22
\BOOKMARK [3][-]{subsubsection.6.2.3}{Prueba err\363nea 3}{subsection.6.2}% 23
\BOOKMARK [3][-]{subsubsection.6.2.4}{Prueba err\363nea 4}{subsection.6.2}% 24
\BOOKMARK [3][-]{subsubsection.6.2.5}{Prueba err\363nea 5}{subsection.6.2}% 25
\BOOKMARK [1][-]{section.7}{Dise\361o del c\363digo objeto}{}% 26
\BOOKMARK [2][-]{subsection.7.1}{M\351todos auxiliares}{section.7}% 27
\BOOKMARK [3][-]{subsubsection.7.1.1}{Store\137in\137reg}{subsection.7.1}% 28
\BOOKMARK [3][-]{subsubsection.7.1.2}{Copy\137str}{subsection.7.1}% 29
\BOOKMARK [2][-]{subsection.7.2}{Aritm\351ticas y l\363gicas}{section.7}% 30
\BOOKMARK [2][-]{subsection.7.3}{Asignaciones}{section.7}% 31
\BOOKMARK [2][-]{subsection.7.4}{Saltos y etiquetas}{section.7}% 32
\BOOKMARK [2][-]{subsection.7.5}{Paso de par\341metros}{section.7}% 33
\BOOKMARK [2][-]{subsection.7.6}{Llamadas}{section.7}% 34
\BOOKMARK [2][-]{subsection.7.7}{Sentencias de retorno}{section.7}% 35
\BOOKMARK [2][-]{subsection.7.8}{Alerts e inputs}{section.7}% 36
\BOOKMARK [1][-]{section.8}{Anexo}{}% 37
\BOOKMARK [2][-]{subsection.8.1}{Prueba 1 - test del for}{section.8}% 38
\BOOKMARK [2][-]{subsection.8.2}{Prueba 2 - test de operaciones entrada y salida}{section.8}% 39
\BOOKMARK [2][-]{subsection.8.3}{Prueba 3 - test gen\351rico}{section.8}% 40
\BOOKMARK [2][-]{subsection.8.4}{Prueba 4 - test recursivo}{section.8}% 41
\BOOKMARK [2][-]{subsection.8.5}{Prueba 5 - test llamadas a funciones}{section.8}% 42
\BOOKMARK [1][-]{section.9}{Referencias}{}% 43
